C51 COMPILER V9.01   L298N                                                                 07/15/2011 17:27:44 PAGE 1   


C51 COMPILER V9.01, COMPILATION OF MODULE L298N
OBJECT MODULE PLACED IN L298N.OBJ
COMPILER INVOKED BY: C:\Keil\C51\BIN\C51.EXE L298N.c BROWSE DEBUG OBJECTEXTEND

line level    source

   1          #include<reg52.h>
   2          
   3          #include <intrins.h>      //包含_nop_()函数定义的头文件
   4          unsigned char code table[]={0xc0,0xf9,0xa4,0xb0,0x99,0x92,0x82,0xf8,0x80,0x90};//定义共阳数码管显示字型码 
   5          
   6          sbit a=P1^0;
   7          sbit b=P1^1;
   8          sbit c=P1^2;
   9          sbit d=P1^3;             //数据左边第一个
  10          sbit key=P1^4;
  11          int count=0;
  12          char bi=0;
  13           void delay1ms(char cou)
  14          {
  15   1         unsigned char i,j,c;
  16   1         for(c=0;c<cou;c++)
  17   1         {    
  18   2               for(i=0;i<4;i++)
  19   2                for(j=0;j<33;j++)
  20   2                 ;
  21   2               }               
  22   1       }
  23          main()
  24          {                
  25   1              EA=1;
  26   1              ET0=1;
  27   1              TMOD=0x01;
  28   1      
  29   1              EX1=1;
  30   1              IT1=1;
  31   1              TH0=(65535-50000)/256;
  32   1              TL0=(65535-50000)%256;
  33   1              TR0=0;
  34   1      
  35   1      while(1)
  36   1      {       
  37   2      
  38   2              char i=0;
  39   2              char j=0;
  40   2              if(bi>70)
  41   2              {
  42   3                      bi=0;
  43   3              }
  44   2              for(;i<100-bi;i++)
  45   2              {
  46   3                      a=1;
  47   3                      b=0;
  48   3                      c=1;
  49   3                      d=0;
  50   3              }
  51   2              for(;j<bi;j++)
  52   2              {
  53   3                      a=0;
  54   3                      a=0;
  55   3                      c=0;
C51 COMPILER V9.01   L298N                                                                 07/15/2011 17:27:44 PAGE 2   

  56   3                      d=0;
  57   3              }
  58   2              P0=table[bi/10];
  59   2              P2=0xfe;
  60   2              P0=table[bi%10];
  61   2              P2=0xfd;
  62   2              if(key==0)
  63   2                      { 
  64   3                      delay1ms(15);
  65   3                      if(key==0)
  66   3                      {
  67   4                       bi++;
  68   4                      P0=~P0;
  69   4                       }
  70   3                      while(!key);
  71   3              }
  72   2                      count=count+1;
  73   2      
  74   2      }         
  75   1      }
  76           char co=0;
  77          void time0() interrupt 1
  78          {
  79   1                //c=0;
  80   1               // d=0;
  81   1              //P1=~P1;
  82   1               if(co==20)
  83   1               { 
  84   2                      while(1)
  85   2                      {
  86   3                      /*P0=table[count/1000]; 
  87   3                      P2=0xfe;
  88   3                      P0=table[count%1000*10/100];
  89   3                      P2=0xfd;
  90   3                      P0=table[count%1000%100/10];
  91   3                      P2=0xfb;*/
  92   3                      P0=table[count/100];    
  93   3                      P2=0xfe;
  94   3                      P0=table[count%100/10];
  95   3                      P2=0xfd;
  96   3                              }  
  97   2              }
  98   1              co++;
  99   1              TH0=(65535-50000)/256;
 100   1              TL0=(65535-50000)%256;
 101   1      
 102   1              
 103   1      }
 104          
 105          void time1() interrupt 2
 106          {
 107   1              
 108   1      
 109   1      }


MODULE INFORMATION:   STATIC OVERLAYABLE
   CODE SIZE        =    347    ----
   CONSTANT SIZE    =     10    ----
   XDATA SIZE       =   ----    ----
   PDATA SIZE       =   ----    ----
   DATA SIZE        =      4       2
C51 COMPILER V9.01   L298N                                                                 07/15/2011 17:27:44 PAGE 3   

   IDATA SIZE       =   ----    ----
   BIT SIZE         =   ----    ----
END OF MODULE INFORMATION.


C51 COMPILATION COMPLETE.  0 WARNING(S),  0 ERROR(S)
