C51 COMPILER V8.05a   TEXT1                                                                05/28/2012 13:05:16 PAGE 1   


C51 COMPILER V8.05a, COMPILATION OF MODULE TEXT1
OBJECT MODULE PLACED IN Text1.OBJ
COMPILER INVOKED BY: C:\Keil\C51\BIN\C51.EXE Text1.c BROWSE DEBUG OBJECTEXTEND

line level    source

   1          #include<reg52.h>
   2          #include<intrins.h>
   3          int i=0;
   4          void main()
   5          {
   6   1              P1=0xff;
   7   1              for(i=0;i<100;i++)
   8   1              P0=0xff;
   9   1              for(i=0;i<100;i++)
  10   1              P0=0x00;         
  11   1                      
  12   1      }


MODULE INFORMATION:   STATIC OVERLAYABLE
   CODE SIZE        =     48    ----
   CONSTANT SIZE    =   ----    ----
   XDATA SIZE       =   ----    ----
   PDATA SIZE       =   ----    ----
   DATA SIZE        =      2    ----
   IDATA SIZE       =   ----    ----
   BIT SIZE         =   ----    ----
END OF MODULE INFORMATION.


C51 COMPILATION COMPLETE.  0 WARNING(S),  0 ERROR(S)
