C51 COMPILER V9.01   H3144E                                                                07/14/2011 19:22:11 PAGE 1   


C51 COMPILER V9.01, COMPILATION OF MODULE H3144E
OBJECT MODULE PLACED IN H3144E.OBJ
COMPILER INVOKED BY: C:\Keil\C51\BIN\C51.EXE H3144E.c BROWSE DEBUG OBJECTEXTEND

line level    source

   1          #include <reg52.h>        //  包含51单片机寄存器定义的头文件
   2          #include <intrins.h>      //包含_nop_()函数定义的头文件
   3          unsigned char code table[]={0xc0,0xf9,0xa4,0xb0,0x99,0x92,0x82,0xf8,0x80,0x90};//定义共阳数码管显示字型码 
   4          #define uchar unsigned char
   5          #define uint  unsigned int
   6           uchar count =0;
   7          main()
   8          {
   9   1              
  10   1              EA=1;
  11   1              EX0=1;
  12   1              IT0=1;
  13   1              TMOD=0x01;
  14   1               ET1=1;
  15   1               TR1=1;
  16   1              TH1=(65536-50000)/256;  //定时器T0的高8位赋初值
  17   1              TL1=(65536-50000)%256;  //定时器T0的高8位赋初值
  18   1              while(1)
  19   1              {
  20   2                 P0 = table[count];
  21   2                 P2 = 0xfe;
  22   2              }
  23   1      }
  24          void timer0() interrupt 0
  25          {        count++;
  26   1              
  27   1              if(count>9)
  28   1              {
  29   2                      count=0;
  30   2              }
  31   1      
  32   1      } 
  33          uchar time = 0;
  34          sbit fmq=P3^7;
  35          void timer1() interrupt 3
  36          {
  37   1               //P1=~P1;
  38   1                time++;
  39   1              if(time>20)
  40   1              {
  41   2              //      fmq=~fmq;       
  42   2                time=0;
  43   2                         TH1=(65536-50000)/256;  //定时器T0的高8位赋初值
  44   2                              TL1=(65536-50000)%256;  //定时器T0的高8位赋初值
  45   2              }
  46   1      
  47   1      } 


MODULE INFORMATION:   STATIC OVERLAYABLE
   CODE SIZE        =     80    ----
   CONSTANT SIZE    =     10    ----
   XDATA SIZE       =   ----    ----
   PDATA SIZE       =   ----    ----
   DATA SIZE        =      2    ----
C51 COMPILER V9.01   H3144E                                                                07/14/2011 19:22:11 PAGE 2   

   IDATA SIZE       =   ----    ----
   BIT SIZE         =   ----    ----
END OF MODULE INFORMATION.


C51 COMPILATION COMPLETE.  0 WARNING(S),  0 ERROR(S)
