C51 COMPILER V8.02   TEXT2                                                                 06/29/2011 22:46:09 PAGE 1   


C51 COMPILER V8.02, COMPILATION OF MODULE TEXT2
OBJECT MODULE PLACED IN Text2.OBJ
COMPILER INVOKED BY: C:\Keil\C51\BIN\C51.EXE Text2.c BROWSE DEBUG OBJECTEXTEND

line level    source

   1          #include<reg52.h>
   2                                  sbit aa = P3^2;
   3           void main()
   4           {      
   5   1       EA     = 1;
   6   1      EX0 =1;
   7   1       IT0=1;    //选择负跳变来触发外中断
   8   1       aa= 0;
   9   1              while(1)
  10   1              {
  11   2                      P0=0x00;
  12   2                       
  13   2              }
  14   1       }
  15          
  16           void test() interrupt 0
  17           {       if(P1==0x00)
  18   1              {
  19   2                      P1=0xff;
  20   2                      aa=1;
  21   2              }else
  22   1              {        aa=1;
  23   2                      P1=0x00;
  24   2              }
  25   1       }


MODULE INFORMATION:   STATIC OVERLAYABLE
   CODE SIZE        =     34    ----
   CONSTANT SIZE    =   ----    ----
   XDATA SIZE       =   ----    ----
   PDATA SIZE       =   ----    ----
   DATA SIZE        =   ----    ----
   IDATA SIZE       =   ----    ----
   BIT SIZE         =   ----    ----
END OF MODULE INFORMATION.


C51 COMPILATION COMPLETE.  0 WARNING(S),  0 ERROR(S)
