C51 COMPILER V9.01   TEXT1                                                                 07/03/2011 08:41:41 PAGE 1   


C51 COMPILER V9.01, COMPILATION OF MODULE TEXT1
OBJECT MODULE PLACED IN Text1.OBJ
COMPILER INVOKED BY: C:\ccc\Keil\C51\BIN\C51.EXE Text1.c BROWSE DEBUG OBJECTEXTEND

line level    source

   1                                                                           
   2          //-----------------------函数声明，变量定义------------------------
   3          #include <reg51.h>
   4          #include <intrins.h>
   5          sbit SCL=P1^2;                   // 将p1.2口模拟时钟口
   6          sbit SDA=P1^3;                   // 将p1.3口模拟数据口
   7          bit askflag;
   8          #define uchar unsigned char
   9          #define uint  unsigned int
  10          #define disdata  P0              //显示数据码输出口
  11          unsigned char code table[]={0xc0,0xf9,0xa4,0xb0,0x99,0x92,0x82,0xf8,0x80,0x90};
  12          
  13          uint data dis[4]={0x00,0x00,0x00,0x00}; 
  14                                    //定义3个显示数据单元和1个数据存储单元
  15          
  16          
  17          
  18          #define delayNOP(); {_nop_();_nop_();_nop_();_nop_();};
  19                                   
  20          bit   bdata SystemError;                //从机错误标志位
  21          
  22          /*********************** PCF8591专用变量定义 ***********************/
  23          
  24          #define PCF8591_WRITE   0x90 
  25          #define PCF8591_READ    0x91
  26          #define  NUM  4                     //接收和发送缓存区的深度
  27          uchar idata receivebuf[NUM];    //数据接收缓冲区
  28          
  29          /*******************************************************************/
  30          /*                                                                 */
  31          /*  延时函数                                                       */
  32          /*                                                                 */
  33          /*******************************************************************/
  34          
  35          void delay(int ms)
  36          {
  37   1          while(ms--)
  38   1              {
  39   2            uchar i;
  40   2                for(i=0;i<250;i++)  
  41   2                 {
  42   3                  _nop_();                       
  43   3                      _nop_();
  44   3                      _nop_();
  45   3                      _nop_();
  46   3                 }
  47   2              }
  48   1      }               
  49          
  50          
  51          
  52          /******************************************************************/
  53          /*                                                                */
  54          /* 数据处理与显示                                                 */
  55          /* 将采集到的数据进行16进制转换为ASCLL码。                        */
C51 COMPILER V9.01   TEXT1                                                                 07/03/2011 08:41:41 PAGE 2   

  56          /*                                                                */
  57          /******************************************************************/
  58          
  59          show_value(uchar ad_data)
  60          
  61          {   
  62   1          dis[2]=ad_data/51;   //AD值转换为3为BCD码，最大为5.00V。
  63   1         // dis[2]=dis[2]+0x30;        //转换为ACSII码
  64   1          dis[3]=ad_data%51;   //余数暂存
  65   1          dis[3]=dis[3]*10;    //计算小数第一位
  66   1          dis[1]=dis[3]/51;
  67   1         // dis[1]=dis[1]+0x30;        //转换为ACSII码
  68   1          dis[3]=dis[3]%51;
  69   1          dis[3]=dis[3]*10;    //计算小数第二位
  70   1          dis[0]=dis[3]/51;                                                                             //
  71   1          //dis[0]=dis[0]+0x30;  //转换为ACSII码           
  72   1      } 
  73          //-------------------------------------------------------------------
  74          // 函数名称： iic_start()
  75          // 函数功能： 启动I2C总线子程序
  76          //-------------------------------------------------------------------
  77          void iic_start(void)
  78          { //时钟保持高，数据线从高到低一次跳变，I2C通信开始
  79   1              SDA = 1;     
  80   1              SCL = 1;
  81   1              delayNOP();      // 延时5us 
  82   1              SDA = 0;
  83   1              delayNOP();
  84   1          SCL = 0;
  85   1      }
  86          //-------------------------------------------------------------------
  87          // 函数名称： iic_stop()
  88          // 函数功能： 停止I2C总线数据传送子程序
  89          //-------------------------------------------------------------------
  90          void iic_stop(void)
  91          {       
  92   1              SDA = 0;           //时钟保持高，数据线从低到高一次跳变，I2C通信停止
  93   1              SCL = 1;
  94   1              delayNOP();
  95   1              SDA = 1;
  96   1              delayNOP();
  97   1          SCL = 0;
  98   1      }
  99          //------------------------------------------------------------------
 100          // 函数名称： iicInit_()
 101          // 函数功能： 初始化I2C总线子程序
 102          //------------------------------------------------------------------
 103           void iicInit(void)
 104             {
 105   1         SCL = 0;
 106   1         iic_stop();  
 107   1         }  
 108          //-------------------------------------------------------------------
 109          // 函数名称： slave_ACK
 110          // 函数功能： 从机发送应答位子程序
 111          //-------------------------------------------------------------------
 112          void slave_ACK(void)
 113          {
 114   1              SDA = 0;  
 115   1              SCL = 1;
 116   1              delayNOP();     
 117   1              SCL = 0;
C51 COMPILER V9.01   TEXT1                                                                 07/03/2011 08:41:41 PAGE 3   

 118   1      }
 119          //-------------------------------------------------------------------
 120          // 函数名称： slave_NOACK
 121          // 函数功能： 从机发送非应答位子程序，迫使数据传输过程结束
 122          //-------------------------------------------------------------------
 123          void slave_NOACK(void)
 124          { 
 125   1              SDA = 1;
 126   1              SCL = 1;
 127   1              delayNOP();
 128   1              SDA = 0;
 129   1          SCL = 0;  
 130   1      }
 131          //-------------------------------------------------------------------
 132          // 函数名称： check_ACK
 133          // 函数功能： 主机应答位检查子程序，迫使数据传输过程结束
 134          //-------------------------------------------------------------------
 135          void check_ACK(void)
 136          {           
 137   1          SDA = 1;        // 将p1.1设置成输入，必须先向端口写1
 138   1              SCL = 1;
 139   1              askflag = 0;
 140   1              delayNOP();   
 141   1              if(SDA == 1)    // 若SDA=1表明非应答，置位非应答标志askflag
 142   1          askflag = 1;
 143   1              SCL = 0;
 144   1      }
 145          //-------------------------------------------------------------------
 146          // 函数名称： IICSendByte
 147          // 入口参数： ch
 148          // 函数功能： 发送一个字节
 149          //-------------------------------------------------------------------
 150          void IICSendByte(uchar ch)
 151           
 152          {
 153   1              unsigned char idata n=8;     // 向SDA上发送一位数据字节，共八位
 154   1      
 155   1              while(n--)
 156   1              { 
 157   2              if((ch&0x80) == 0x80)    // 若要发送的数据最高位为1则发送位1
 158   2                 {
 159   3                              SDA = 1;    // 传送位1
 160   3                              SCL = 1;
 161   3                          delayNOP();
 162   3                      //      SDA = 0;        
 163   3                              SCL = 0; 
 164   3                 }
 165   2                      else
 166   2                      {  
 167   3                              SDA = 0;    // 否则传送位0
 168   3                              SCL = 1;
 169   3                              delayNOP();
 170   3                              SCL = 0;
 171   3                      }
 172   2                      ch = ch<<1;    // 数据左移一位
 173   2              }
 174   1      }
 175          //-------------------------------------------------------------------
 176          // 函数名称： IICreceiveByte
 177          // 返回接收的数据
 178          // 函数功能： 接收一字节子程序
 179          //-------------------------------------------------------------------
C51 COMPILER V9.01   TEXT1                                                                 07/03/2011 08:41:41 PAGE 4   

 180          uchar IICreceiveByte(void)
 181          {
 182   1              uchar idata n=8;     // 从SDA线上读取一上数据字节，共八位
 183   1              uchar tdata=0;
 184   1              while(n--)
 185   1              {
 186   2                 SDA = 1;
 187   2                 SCL = 1;
 188   2                 tdata =tdata<<1;                 //左移一位
 189   2                      if(SDA == 1)
 190   2                        tdata = tdata|0x01;   // 若接收到的位为1，则数据的最后一位置1
 191   2                      else 
 192   2                        tdata = tdata&0xfe;   // 否则数据的最后一位置0
 193   2                 SCL = 0;
 194   2               }
 195   1      
 196   1               return(tdata);
 197   1      }
 198          
 199          //-------------------------------------------------------------------
 200          // 函数名称： ADC_PCF8591
 201          // 入口参数： controlbyte控制字
 202          // 函数功能： 连续读入4路通道的A/D转换结果到receivebuf
 203          //-------------------------------------------------------------------
 204          void ADC_PCF8591(uchar controlbyte)
 205          { 
 206   1          uchar idata receive_da,i=0;
 207   1      
 208   1              iic_start();
 209   1      
 210   1              IICSendByte(PCF8591_WRITE);     //控制字
 211   1              check_ACK();
 212   1              if(askflag == 1)
 213   1              {
 214   2                      SystemError = 1;
 215   2                      return;
 216   2              }
 217   1      
 218   1              IICSendByte(controlbyte);       //控制字
 219   1              check_ACK();
 220   1              if(askflag == 1)
 221   1              {
 222   2                      SystemError = 1;
 223   2                      return;
 224   2              }               
 225   1      
 226   1          iic_start();                //重新发送开始命令
 227   1              IICSendByte(PCF8591_READ);      //控制字
 228   1              check_ACK();
 229   1              if(askflag == 1)
 230   1              {
 231   2                      SystemError = 1;
 232   2                      return;
 233   2              }
 234   1               
 235   1          IICreceiveByte();   //空读一次，调整读顺序
 236   1          slave_ACK();        //收到一个字节后发送一个应答位
 237   1      
 238   1              while(i<4)
 239   1              {  
 240   2                receive_da=IICreceiveByte();
 241   2                receivebuf[i++]=receive_da;
C51 COMPILER V9.01   TEXT1                                                                 07/03/2011 08:41:41 PAGE 5   

 242   2                slave_ACK();       //收到一个字节后发送一个应答位
 243   2              }
 244   1              slave_NOACK();       //收到最后一个字节后发送一个非应答位
 245   1              iic_stop();
 246   1      }
 247          //-------------------------------------------------------------------
 248          // 函数名称： main
 249          // 函数功能： 主程序
 250          //-------------------------------------------------------------------
 251          main()
 252          {
 253   1          uchar i,l;
 254   1        char j;  
 255   1        char k;
 256   1        while(1)
 257   1        {
 258   2              iicInit();                    //I2C总线初始化
 259   2          ADC_PCF8591(0x04);
 260   2      
 261   2              if(SystemError == 1)      //有错误，重新来
 262   2                {
 263   3                      iicInit();                                //I2C总线初始化
 264   3                  ADC_PCF8591(0x04);
 265   3                 }   
 266   2              
 267   2              //for(l=0;l<4;l++)      
 268   2               //{
 269   2               
 270   2                      show_value(receivebuf[0]); //显示通道0  
 271   2                      for(j=100;j>0;j--)  {   
 272   3                        
 273   3                              P0=table[dis[2]]        ;
 274   3                                      P2=0xfe;
 275   3                                      delay(1);
 276   3                                      P0=table[dis[1]]        ;
 277   3                                      P2=0xfd;
 278   3                                      delay(1);
 279   3                                      P0=table[dis[0]]        ;
 280   3                                      P2=0xfb;
 281   3                                         delay(1);
 282   3                              
 283   3      
 284   3                      }
 285   2                                 P2=0xff;
 286   2                                 delay(200);
 287   2      
 288   2                               
 289   2                      
 290   2      
 291   2           // show_value(receivebuf[1]); //显示通道1   
 292   2                  
 293   2      
 294   2               // show_value(receivebuf[2]); //显示通道2               
 295   2                  
 296   2      
 297   2            //show_value(receivebuf[3]); //显示通道3   
 298   2                  
 299   2      
 300   2               
 301   2      
 302   2            //delay(50);                       //延时
 303   2               //}
C51 COMPILER V9.01   TEXT1                                                                 07/03/2011 08:41:41 PAGE 6   

 304   2      
 305   2         }
 306   1      }
*** WARNING C280 IN LINE 253 OF TEXT1.C: 'i': unreferenced local variable
*** WARNING C280 IN LINE 253 OF TEXT1.C: 'l': unreferenced local variable
*** WARNING C280 IN LINE 255 OF TEXT1.C: 'k': unreferenced local variable
*** WARNING C290 IN LINE 72 OF TEXT1.C: missing return value


MODULE INFORMATION:   STATIC OVERLAYABLE
   CODE SIZE        =    441    ----
   CONSTANT SIZE    =     10    ----
   XDATA SIZE       =   ----    ----
   PDATA SIZE       =   ----    ----
   DATA SIZE        =      8       4
   IDATA SIZE       =      4       4
   BIT SIZE         =      2    ----
END OF MODULE INFORMATION.


C51 COMPILATION COMPLETE.  4 WARNING(S),  0 ERROR(S)
